<?xml version="1.0" encoding="UTF-8"?>
<robot generator="Robot 4.1.3 (Python 3.9.9 on win32)" generated="20220703 11:07:29.325" rpa="false" schemaversion="2">
<suite id="s1" name="WebTesting AutomationPractice" source="c:\Users\joshu\Documents\robot-challenge\Tests\WEB\WebTesting_AutomationPractice.robot">
<kw name="Run Keywords" library="BuiltIn" type="SETUP">
<arg>Update ChromeDriver</arg>
<doc>Executes all the given keywords in a sequence.</doc>
<kw name="Update ChromeDriver" library="Config">
<doc>This keyword was created so it's not needed to care about updating the chromedriver, webdriver-manager library does that itself.</doc>
<kw name="Get Chromedriver Path" library="SeleniumLibrary">
<var>${chromedriver_path}</var>
<msg timestamp="20220703 11:07:29.951" level="INFO">====== WebDriver manager ======</msg>
<msg timestamp="20220703 11:07:30.383" level="INFO">Current google-chrome version is 103.0.5060</msg>
<msg timestamp="20220703 11:07:30.383" level="INFO">Get LATEST chromedriver version for 103.0.5060 google-chrome</msg>
<msg timestamp="20220703 11:07:30.519" level="INFO">Driver [C:\Users\joshu\.wdm\drivers\chromedriver\win32\103.0.5060.53\chromedriver.exe] found in cache</msg>
<msg timestamp="20220703 11:07:30.520" level="INFO">C:\Users\joshu\.wdm\drivers\chromedriver\win32\103.0.5060.53\chromedriver.exe</msg>
<msg timestamp="20220703 11:07:30.520" level="INFO">${chromedriver_path} = C:\Users\joshu\.wdm\drivers\chromedriver\win32\103.0.5060.53\chromedriver.exe</msg>
<status status="PASS" starttime="20220703 11:07:29.951" endtime="20220703 11:07:30.520"/>
</kw>
<kw name="Set Global Variable" library="BuiltIn">
<arg>${chromedriver_path}</arg>
<doc>Makes a variable available globally in all tests and suites.</doc>
<msg timestamp="20220703 11:07:30.520" level="INFO">${chromedriver_path} = C:\Users\joshu\.wdm\drivers\chromedriver\win32\103.0.5060.53\chromedriver.exe</msg>
<status status="PASS" starttime="20220703 11:07:30.520" endtime="20220703 11:07:30.520"/>
</kw>
<status status="PASS" starttime="20220703 11:07:29.951" endtime="20220703 11:07:30.521"/>
</kw>
<status status="PASS" starttime="20220703 11:07:29.950" endtime="20220703 11:07:30.521"/>
</kw>
<test id="s1-t1" name="Scenario 01: Registration must complete - Natural Person">
<kw name="Run Keywords" library="BuiltIn" type="SETUP">
<arg>Given a user opens his browser in "${URL_AutomationPractice}"</arg>
<doc>Executes all the given keywords in a sequence.</doc>
<kw name="Given a user opens his browser in &quot;http://automationpractice.com/&quot;" library="Config" sourcename="Given a user opens his browser in &quot;${URL}&quot;">
<kw name="Open Browser" library="SeleniumLibrary">
<arg>${URL}</arg>
<arg>${BROWSER}</arg>
<arg>executable_path=${chromedriver_path}</arg>
<arg>options=add_argument("--incognito"); add_argument("--ignore-certificate-errors"); add_argument("--start-maximized"); add_argument("--disable-popup-blocking"); add_argument("--disable-notifications"); add_argument("--disable-extensions"); add_argument("--disable-web-security"); add_argument("--window-size=1920,1080")</arg>
<doc>Opens a new browser instance to the optional ``url``.</doc>
<msg timestamp="20220703 11:07:30.523" level="INFO">Opening browser 'chrome' to base url 'http://automationpractice.com/'.</msg>
<status status="PASS" starttime="20220703 11:07:30.522" endtime="20220703 11:07:37.088"/>
</kw>
<kw name="Maximize Browser Window" library="SeleniumLibrary">
<doc>Maximizes current browser window.</doc>
<status status="PASS" starttime="20220703 11:07:37.088" endtime="20220703 11:07:37.202"/>
</kw>
<status status="PASS" starttime="20220703 11:07:30.522" endtime="20220703 11:07:37.202"/>
</kw>
<status status="PASS" starttime="20220703 11:07:30.522" endtime="20220703 11:07:37.202"/>
</kw>
<kw name="Given a user doesn't have an account in Automation Practice" library="WebTesting_AutomationPractice_Controller">
<kw name="Generate Data for Registration" library="Config">
<kw name="Log To Console" library="BuiltIn">
<arg>----- GENERATING DATA FOR REGISTRATION FORM</arg>
<doc>Logs the given message to the console.</doc>
<status status="PASS" starttime="20220703 11:07:37.203" endtime="20220703 11:07:37.203"/>
</kw>
<kw name="Generate First Name" library="Config">
<kw name="First Name" library="FakerLibrary">
<var>${client_FirstName}</var>
<msg timestamp="20220703 11:07:37.204" level="INFO">${client_FirstName} = Lisa</msg>
<status status="PASS" starttime="20220703 11:07:37.204" endtime="20220703 11:07:37.205"/>
</kw>
<kw name="Set Test Variable" library="BuiltIn">
<arg>${client_FirstName}</arg>
<doc>Makes a variable available everywhere within the scope of the current test.</doc>
<msg timestamp="20220703 11:07:37.205" level="INFO">${client_FirstName} = Lisa</msg>
<status status="PASS" starttime="20220703 11:07:37.205" endtime="20220703 11:07:37.205"/>
</kw>
<kw name="Log To Console" library="BuiltIn">
<arg>FIRST NAME: ${client_FirstName}</arg>
<doc>Logs the given message to the console.</doc>
<status status="PASS" starttime="20220703 11:07:37.205" endtime="20220703 11:07:37.206"/>
</kw>
<status status="PASS" starttime="20220703 11:07:37.204" endtime="20220703 11:07:37.206"/>
</kw>
<kw name="Generate Last Name" library="Config">
<kw name="Last Name" library="FakerLibrary">
<var>${client_LastName}</var>
<msg timestamp="20220703 11:07:37.207" level="INFO">${client_LastName} = Garcia</msg>
<status status="PASS" starttime="20220703 11:07:37.207" endtime="20220703 11:07:37.207"/>
</kw>
<kw name="Set Test Variable" library="BuiltIn">
<arg>${client_LastName}</arg>
<doc>Makes a variable available everywhere within the scope of the current test.</doc>
<msg timestamp="20220703 11:07:37.207" level="INFO">${client_LastName} = Garcia</msg>
<status status="PASS" starttime="20220703 11:07:37.207" endtime="20220703 11:07:37.208"/>
</kw>
<kw name="Log To Console" library="BuiltIn">
<arg>LAST NAME: ${client_LastName}</arg>
<doc>Logs the given message to the console.</doc>
<status status="PASS" starttime="20220703 11:07:37.208" endtime="20220703 11:07:37.208"/>
</kw>
<status status="PASS" starttime="20220703 11:07:37.206" endtime="20220703 11:07:37.208"/>
</kw>
<kw name="Generate Email" library="Config">
<kw name="Email" library="FakerLibrary">
<var>${client_Email}</var>
<msg timestamp="20220703 11:07:37.210" level="INFO">${client_Email} = davidsoneric@example.net</msg>
<status status="PASS" starttime="20220703 11:07:37.209" endtime="20220703 11:07:37.210"/>
</kw>
<kw name="Set Test Variable" library="BuiltIn">
<arg>${client_Email}</arg>
<doc>Makes a variable available everywhere within the scope of the current test.</doc>
<msg timestamp="20220703 11:07:37.211" level="INFO">${client_Email} = davidsoneric@example.net</msg>
<status status="PASS" starttime="20220703 11:07:37.210" endtime="20220703 11:07:37.211"/>
</kw>
<kw name="Log To Console" library="BuiltIn">
<arg>EMAIL: ${client_Email}</arg>
<doc>Logs the given message to the console.</doc>
<status status="PASS" starttime="20220703 11:07:37.211" endtime="20220703 11:07:37.212"/>
</kw>
<status status="PASS" starttime="20220703 11:07:37.208" endtime="20220703 11:07:37.212"/>
</kw>
<kw name="Generate Password" library="Config">
<kw name="Numerical Characters" library="Config">
<arg>10</arg>
<doc>You should define how many special characters you want by informing the lenght.</doc>
<kw name="Random Number" library="FakerLibrary">
<var>${numerical_character}</var>
<arg>digits=${lenght}</arg>
<doc>Generate a random integer according to the following rules:</doc>
<msg timestamp="20220703 11:07:37.214" level="INFO">${numerical_character} = 6240676458</msg>
<status status="PASS" starttime="20220703 11:07:37.213" endtime="20220703 11:07:37.214"/>
</kw>
<kw name="Set Test Variable" library="BuiltIn">
<arg>${numerical_character}</arg>
<doc>Makes a variable available everywhere within the scope of the current test.</doc>
<msg timestamp="20220703 11:07:37.214" level="INFO">${numerical_character} = 6240676458</msg>
<status status="PASS" starttime="20220703 11:07:37.214" endtime="20220703 11:07:37.214"/>
</kw>
<status status="PASS" starttime="20220703 11:07:37.213" endtime="20220703 11:07:37.215"/>
</kw>
<kw name="Set Test Variable" library="BuiltIn">
<arg>${client_Password}</arg>
<arg>${numerical_character}</arg>
<doc>Makes a variable available everywhere within the scope of the current test.</doc>
<msg timestamp="20220703 11:07:37.216" level="INFO">${client_Password} = 6240676458</msg>
<status status="PASS" starttime="20220703 11:07:37.215" endtime="20220703 11:07:37.216"/>
</kw>
<kw name="Log To Console" library="BuiltIn">
<arg>PASSWORD: ${client_Password}</arg>
<doc>Logs the given message to the console.</doc>
<status status="PASS" starttime="20220703 11:07:37.217" endtime="20220703 11:07:37.217"/>
</kw>
<status status="PASS" starttime="20220703 11:07:37.212" endtime="20220703 11:07:37.218"/>
</kw>
<kw name="Generate Address" library="Config">
<kw name="Street Address" library="FakerLibrary">
<var>${client_Address}</var>
<doc>:example: '791 Crist Parks'</doc>
<msg timestamp="20220703 11:07:37.218" level="INFO">${client_Address} = 5203 Hanna Islands Suite 541</msg>
<status status="PASS" starttime="20220703 11:07:37.218" endtime="20220703 11:07:37.219"/>
</kw>
<kw name="Set Test Variable" library="BuiltIn">
<arg>${client_Address}</arg>
<doc>Makes a variable available everywhere within the scope of the current test.</doc>
<msg timestamp="20220703 11:07:37.219" level="INFO">${client_Address} = 5203 Hanna Islands Suite 541</msg>
<status status="PASS" starttime="20220703 11:07:37.219" endtime="20220703 11:07:37.219"/>
</kw>
<kw name="Log To Console" library="BuiltIn">
<arg>ADDRESS: ${client_Address}</arg>
<doc>Logs the given message to the console.</doc>
<status status="PASS" starttime="20220703 11:07:37.219" endtime="20220703 11:07:37.220"/>
</kw>
<status status="PASS" starttime="20220703 11:07:37.218" endtime="20220703 11:07:37.220"/>
</kw>
<kw name="Generate City" library="Config">
<kw name="City" library="FakerLibrary">
<var>${client_City}</var>
<doc>:example: 'Sashabury'</doc>
<msg timestamp="20220703 11:07:37.221" level="INFO">${client_City} = North Shaun</msg>
<status status="PASS" starttime="20220703 11:07:37.220" endtime="20220703 11:07:37.221"/>
</kw>
<kw name="Set Test Variable" library="BuiltIn">
<arg>${client_City}</arg>
<doc>Makes a variable available everywhere within the scope of the current test.</doc>
<msg timestamp="20220703 11:07:37.221" level="INFO">${client_City} = North Shaun</msg>
<status status="PASS" starttime="20220703 11:07:37.221" endtime="20220703 11:07:37.221"/>
</kw>
<kw name="Log To Console" library="BuiltIn">
<arg>CITY: ${client_City}</arg>
<doc>Logs the given message to the console.</doc>
<status status="PASS" starttime="20220703 11:07:37.221" endtime="20220703 11:07:37.222"/>
</kw>
<status status="PASS" starttime="20220703 11:07:37.220" endtime="20220703 11:07:37.222"/>
</kw>
<kw name="Generate PostCode" library="Config">
<kw name="Postalcode" library="FakerLibrary">
<var>${client_postalcode}</var>
<msg timestamp="20220703 11:07:37.223" level="INFO">${client_postalcode} = 47867</msg>
<status status="PASS" starttime="20220703 11:07:37.223" endtime="20220703 11:07:37.223"/>
</kw>
<kw name="Set Test Variable" library="BuiltIn">
<arg>${client_postalcode}</arg>
<doc>Makes a variable available everywhere within the scope of the current test.</doc>
<msg timestamp="20220703 11:07:37.224" level="INFO">${client_postalcode} = 47867</msg>
<status status="PASS" starttime="20220703 11:07:37.223" endtime="20220703 11:07:37.224"/>
</kw>
<kw name="Log To Console" library="BuiltIn">
<arg>POSTALCODE: ${client_postalcode}</arg>
<doc>Logs the given message to the console.</doc>
<status status="PASS" starttime="20220703 11:07:37.224" endtime="20220703 11:07:37.224"/>
</kw>
<status status="PASS" starttime="20220703 11:07:37.222" endtime="20220703 11:07:37.225"/>
</kw>
<kw name="Generate State" library="Config">
<kw name="State" library="FakerLibrary">
<var>${client_State}</var>
<msg timestamp="20220703 11:07:37.226" level="INFO">${client_State} = Washington</msg>
<status status="PASS" starttime="20220703 11:07:37.225" endtime="20220703 11:07:37.226"/>
</kw>
<kw name="Set Test Variable" library="BuiltIn">
<arg>${client_State}</arg>
<doc>Makes a variable available everywhere within the scope of the current test.</doc>
<msg timestamp="20220703 11:07:37.227" level="INFO">${client_State} = Washington</msg>
<status status="PASS" starttime="20220703 11:07:37.226" endtime="20220703 11:07:37.227"/>
</kw>
<kw name="Log To Console" library="BuiltIn">
<arg>STATE: ${client_State}</arg>
<doc>Logs the given message to the console.</doc>
<status status="PASS" starttime="20220703 11:07:37.227" endtime="20220703 11:07:37.227"/>
</kw>
<status status="PASS" starttime="20220703 11:07:37.225" endtime="20220703 11:07:37.228"/>
</kw>
<kw name="Generate Country" library="Config">
<doc>I'm only using United States cause it's the only country this website allows.</doc>
<kw name="Set Test Variable" library="BuiltIn">
<arg>${client_Country}</arg>
<arg>United States</arg>
<doc>Makes a variable available everywhere within the scope of the current test.</doc>
<msg timestamp="20220703 11:07:37.231" level="INFO">${client_Country} = United States</msg>
<status status="PASS" starttime="20220703 11:07:37.229" endtime="20220703 11:07:37.231"/>
</kw>
<kw name="Log To Console" library="BuiltIn">
<arg>COUNTRY: ${client_Country}</arg>
<doc>Logs the given message to the console.</doc>
<status status="PASS" starttime="20220703 11:07:37.231" endtime="20220703 11:07:37.232"/>
</kw>
<status status="PASS" starttime="20220703 11:07:37.228" endtime="20220703 11:07:37.232"/>
</kw>
<kw name="Generate Phone" library="Config">
<kw name="Random Int" library="FakerLibrary">
<var>${client_PhoneNumber}</var>
<arg>2000000000</arg>
<arg>9999999999</arg>
<arg>1</arg>
<doc>Generate a random integer between two integers ``min`` and ``max`` inclusive
while observing the provided ``step`` value.</doc>
<msg timestamp="20220703 11:07:37.234" level="INFO">${client_PhoneNumber} = 5773259024</msg>
<status status="PASS" starttime="20220703 11:07:37.233" endtime="20220703 11:07:37.234"/>
</kw>
<kw name="Set Test Variable" library="BuiltIn">
<arg>${client_PhoneNumber}</arg>
<doc>Makes a variable available everywhere within the scope of the current test.</doc>
<msg timestamp="20220703 11:07:37.235" level="INFO">${client_PhoneNumber} = 5773259024</msg>
<status status="PASS" starttime="20220703 11:07:37.234" endtime="20220703 11:07:37.235"/>
</kw>
<kw name="Log To Console" library="BuiltIn">
<arg>PHONE NUMBER: ${client_PhoneNumber}</arg>
<doc>Logs the given message to the console.</doc>
<status status="PASS" starttime="20220703 11:07:37.235" endtime="20220703 11:07:37.236"/>
</kw>
<status status="PASS" starttime="20220703 11:07:37.232" endtime="20220703 11:07:37.236"/>
</kw>
<kw name="Generate Address Alias" library="Config">
<kw name="Set Test Variable" library="BuiltIn">
<arg>${client_AddressAlias}</arg>
<arg>"${client_FirstName}'s House"</arg>
<doc>Makes a variable available everywhere within the scope of the current test.</doc>
<msg timestamp="20220703 11:07:37.239" level="INFO">${client_AddressAlias} = "Lisa's House"</msg>
<status status="PASS" starttime="20220703 11:07:37.237" endtime="20220703 11:07:37.239"/>
</kw>
<kw name="Log To Console" library="BuiltIn">
<arg>ADDRESS ALIAS: ${client_AddressAlias}</arg>
<doc>Logs the given message to the console.</doc>
<status status="PASS" starttime="20220703 11:07:37.239" endtime="20220703 11:07:37.240"/>
</kw>
<status status="PASS" starttime="20220703 11:07:37.236" endtime="20220703 11:07:37.241"/>
</kw>
<status status="PASS" starttime="20220703 11:07:37.203" endtime="20220703 11:07:37.241"/>
</kw>
<kw name="Wait Until Page Contains Element" library="SeleniumLibrary">
<arg>${image_logo}</arg>
<doc>Waits until the element ``locator`` appears on the current page.</doc>
<status status="PASS" starttime="20220703 11:07:37.241" endtime="20220703 11:07:37.252"/>
</kw>
<kw name="Click Element" library="SeleniumLibrary">
<arg>${button_signin}</arg>
<doc>Click the element identified by ``locator``.</doc>
<msg timestamp="20220703 11:07:37.253" level="INFO">Clicking element 'xpath=//a[@class='login'][contains(.,'Sign in')]'.</msg>
<status status="PASS" starttime="20220703 11:07:37.253" endtime="20220703 11:07:41.616"/>
</kw>
<kw name="Wait Until Page Contains Element" library="SeleniumLibrary">
<arg>${page_Heading}</arg>
<doc>Waits until the element ``locator`` appears on the current page.</doc>
<status status="PASS" starttime="20220703 11:07:41.617" endtime="20220703 11:07:41.628"/>
</kw>
<kw name="Fills field" library="Config">
<arg>${input_emailaddress}</arg>
<arg>${client_Email}</arg>
<kw name="Wait Until Element Is Enabled" library="SeleniumLibrary">
<arg>${field}</arg>
<doc>Waits until the element ``locator`` is enabled.</doc>
<status status="PASS" starttime="20220703 11:07:41.630" endtime="20220703 11:07:41.655"/>
</kw>
<kw name="Click Element" library="SeleniumLibrary">
<arg>${field}</arg>
<doc>Click the element identified by ``locator``.</doc>
<msg timestamp="20220703 11:07:41.656" level="INFO">Clicking element 'id=email_create'.</msg>
<status status="PASS" starttime="20220703 11:07:41.655" endtime="20220703 11:07:41.705"/>
</kw>
<kw name="Input Text" library="SeleniumLibrary">
<arg>${field}</arg>
<arg>${text}</arg>
<doc>Types the given ``text`` into the text field identified by ``locator``.</doc>
<msg timestamp="20220703 11:07:41.705" level="INFO">Typing text 'davidsoneric@example.net' into text field 'id=email_create'.</msg>
<status status="PASS" starttime="20220703 11:07:41.705" endtime="20220703 11:07:41.776"/>
</kw>
<status status="PASS" starttime="20220703 11:07:41.629" endtime="20220703 11:07:41.777"/>
</kw>
<kw name="Click Element" library="SeleniumLibrary">
<arg>${button_submitcreate}</arg>
<doc>Click the element identified by ``locator``.</doc>
<msg timestamp="20220703 11:07:41.778" level="INFO">Clicking element 'id=SubmitCreate'.</msg>
<status status="PASS" starttime="20220703 11:07:41.777" endtime="20220703 11:07:41.835"/>
</kw>
<status status="PASS" starttime="20220703 11:07:37.202" endtime="20220703 11:07:41.836"/>
</kw>
<kw name="When I submit registration form" library="WebTesting_AutomationPractice_Controller">
<kw name="Wait Until Page Contains Element" library="SeleniumLibrary">
<arg>${page_Heading_CreateAccount}</arg>
<doc>Waits until the element ``locator`` appears on the current page.</doc>
<status status="PASS" starttime="20220703 11:07:41.839" endtime="20220703 11:07:44.121"/>
</kw>
<kw name="Fills title" library="Config">
<kw name="Create List" library="BuiltIn">
<var>${fieldTitle}</var>
<arg>1</arg>
<arg>2</arg>
<doc>Returns a list containing given items.</doc>
<msg timestamp="20220703 11:07:44.122" level="INFO">${fieldTitle} = ['1', '2']</msg>
<status status="PASS" starttime="20220703 11:07:44.122" endtime="20220703 11:07:44.122"/>
</kw>
<kw name="Evaluate" library="BuiltIn">
<var>${fieldTitleReturn}</var>
<arg>random.choice(${fieldTitle})</arg>
<doc>Evaluates the given expression in Python and returns the result.</doc>
<msg timestamp="20220703 11:07:44.123" level="INFO">${fieldTitleReturn} = 1</msg>
<status status="PASS" starttime="20220703 11:07:44.122" endtime="20220703 11:07:44.123"/>
</kw>
<kw name="Set Test Variable" library="BuiltIn">
<arg>${input_title}</arg>
<arg>id=id_gender${fieldTitleReturn}</arg>
<doc>Makes a variable available everywhere within the scope of the current test.</doc>
<msg timestamp="20220703 11:07:44.124" level="INFO">${input_title} = id=id_gender1</msg>
<status status="PASS" starttime="20220703 11:07:44.123" endtime="20220703 11:07:44.124"/>
</kw>
<kw name="Click Element" library="SeleniumLibrary">
<arg>${input_title}</arg>
<doc>Click the element identified by ``locator``.</doc>
<msg timestamp="20220703 11:07:44.124" level="INFO">Clicking element 'id=id_gender1'.</msg>
<status status="PASS" starttime="20220703 11:07:44.124" endtime="20220703 11:07:44.170"/>
</kw>
<status status="PASS" starttime="20220703 11:07:44.121" endtime="20220703 11:07:44.170"/>
</kw>
<kw name="Fills field" library="Config">
<arg>${input_firstname}</arg>
<arg>${client_FirstName}</arg>
<kw name="Wait Until Element Is Enabled" library="SeleniumLibrary">
<arg>${field}</arg>
<doc>Waits until the element ``locator`` is enabled.</doc>
<status status="PASS" starttime="20220703 11:07:44.171" endtime="20220703 11:07:44.197"/>
</kw>
<kw name="Click Element" library="SeleniumLibrary">
<arg>${field}</arg>
<doc>Click the element identified by ``locator``.</doc>
<msg timestamp="20220703 11:07:44.197" level="INFO">Clicking element 'id=customer_firstname'.</msg>
<status status="PASS" starttime="20220703 11:07:44.197" endtime="20220703 11:07:44.242"/>
</kw>
<kw name="Input Text" library="SeleniumLibrary">
<arg>${field}</arg>
<arg>${text}</arg>
<doc>Types the given ``text`` into the text field identified by ``locator``.</doc>
<msg timestamp="20220703 11:07:44.243" level="INFO">Typing text 'Lisa' into text field 'id=customer_firstname'.</msg>
<status status="PASS" starttime="20220703 11:07:44.242" endtime="20220703 11:07:44.298"/>
</kw>
<status status="PASS" starttime="20220703 11:07:44.170" endtime="20220703 11:07:44.298"/>
</kw>
<kw name="Fills field" library="Config">
<arg>${input_lastname}</arg>
<arg>${client_LastName}</arg>
<kw name="Wait Until Element Is Enabled" library="SeleniumLibrary">
<arg>${field}</arg>
<doc>Waits until the element ``locator`` is enabled.</doc>
<status status="PASS" starttime="20220703 11:07:44.299" endtime="20220703 11:07:44.323"/>
</kw>
<kw name="Click Element" library="SeleniumLibrary">
<arg>${field}</arg>
<doc>Click the element identified by ``locator``.</doc>
<msg timestamp="20220703 11:07:44.324" level="INFO">Clicking element 'id=customer_lastname'.</msg>
<status status="PASS" starttime="20220703 11:07:44.324" endtime="20220703 11:07:44.370"/>
</kw>
<kw name="Input Text" library="SeleniumLibrary">
<arg>${field}</arg>
<arg>${text}</arg>
<doc>Types the given ``text`` into the text field identified by ``locator``.</doc>
<msg timestamp="20220703 11:07:44.370" level="INFO">Typing text 'Garcia' into text field 'id=customer_lastname'.</msg>
<status status="PASS" starttime="20220703 11:07:44.370" endtime="20220703 11:07:44.425"/>
</kw>
<status status="PASS" starttime="20220703 11:07:44.298" endtime="20220703 11:07:44.425"/>
</kw>
<kw name="Fills field" library="Config">
<arg>${input_email}</arg>
<arg>${client_Email}</arg>
<kw name="Wait Until Element Is Enabled" library="SeleniumLibrary">
<arg>${field}</arg>
<doc>Waits until the element ``locator`` is enabled.</doc>
<status status="PASS" starttime="20220703 11:07:44.426" endtime="20220703 11:07:44.449"/>
</kw>
<kw name="Click Element" library="SeleniumLibrary">
<arg>${field}</arg>
<doc>Click the element identified by ``locator``.</doc>
<msg timestamp="20220703 11:07:44.449" level="INFO">Clicking element 'id=email'.</msg>
<status status="PASS" starttime="20220703 11:07:44.449" endtime="20220703 11:07:44.495"/>
</kw>
<kw name="Input Text" library="SeleniumLibrary">
<arg>${field}</arg>
<arg>${text}</arg>
<doc>Types the given ``text`` into the text field identified by ``locator``.</doc>
<msg timestamp="20220703 11:07:44.496" level="INFO">Typing text 'davidsoneric@example.net' into text field 'id=email'.</msg>
<status status="PASS" starttime="20220703 11:07:44.495" endtime="20220703 11:07:44.582"/>
</kw>
<status status="PASS" starttime="20220703 11:07:44.425" endtime="20220703 11:07:44.582"/>
</kw>
<kw name="Fills field" library="Config">
<arg>${input_password}</arg>
<arg>${client_Password}</arg>
<kw name="Wait Until Element Is Enabled" library="SeleniumLibrary">
<arg>${field}</arg>
<doc>Waits until the element ``locator`` is enabled.</doc>
<status status="PASS" starttime="20220703 11:07:44.583" endtime="20220703 11:07:44.607"/>
</kw>
<kw name="Click Element" library="SeleniumLibrary">
<arg>${field}</arg>
<doc>Click the element identified by ``locator``.</doc>
<msg timestamp="20220703 11:07:44.607" level="INFO">Clicking element 'xpath=//input[contains(@type,'password')]'.</msg>
<status status="PASS" starttime="20220703 11:07:44.607" endtime="20220703 11:07:44.651"/>
</kw>
<kw name="Input Text" library="SeleniumLibrary">
<arg>${field}</arg>
<arg>${text}</arg>
<doc>Types the given ``text`` into the text field identified by ``locator``.</doc>
<msg timestamp="20220703 11:07:44.651" level="INFO">Typing text '6240676458' into text field 'xpath=//input[contains(@type,'password')]'.</msg>
<status status="PASS" starttime="20220703 11:07:44.651" endtime="20220703 11:07:44.702"/>
</kw>
<status status="PASS" starttime="20220703 11:07:44.582" endtime="20220703 11:07:44.703"/>
</kw>
<kw name="Fills field" library="Config">
<arg>${input_address_firstname}</arg>
<arg>${client_FirstName}</arg>
<kw name="Wait Until Element Is Enabled" library="SeleniumLibrary">
<arg>${field}</arg>
<doc>Waits until the element ``locator`` is enabled.</doc>
<status status="PASS" starttime="20220703 11:07:44.704" endtime="20220703 11:07:44.771"/>
</kw>
<kw name="Click Element" library="SeleniumLibrary">
<arg>${field}</arg>
<doc>Click the element identified by ``locator``.</doc>
<msg timestamp="20220703 11:07:44.771" level="INFO">Clicking element 'id=firstname'.</msg>
<status status="PASS" starttime="20220703 11:07:44.771" endtime="20220703 11:07:44.820"/>
</kw>
<kw name="Input Text" library="SeleniumLibrary">
<arg>${field}</arg>
<arg>${text}</arg>
<doc>Types the given ``text`` into the text field identified by ``locator``.</doc>
<msg timestamp="20220703 11:07:44.820" level="INFO">Typing text 'Lisa' into text field 'id=firstname'.</msg>
<status status="PASS" starttime="20220703 11:07:44.820" endtime="20220703 11:07:44.881"/>
</kw>
<status status="PASS" starttime="20220703 11:07:44.703" endtime="20220703 11:07:44.881"/>
</kw>
<kw name="Fills field" library="Config">
<arg>${input_address_lastname}</arg>
<arg>${client_LastName}</arg>
<kw name="Wait Until Element Is Enabled" library="SeleniumLibrary">
<arg>${field}</arg>
<doc>Waits until the element ``locator`` is enabled.</doc>
<status status="PASS" starttime="20220703 11:07:44.882" endtime="20220703 11:07:44.906"/>
</kw>
<kw name="Click Element" library="SeleniumLibrary">
<arg>${field}</arg>
<doc>Click the element identified by ``locator``.</doc>
<msg timestamp="20220703 11:07:44.906" level="INFO">Clicking element 'id=lastname'.</msg>
<status status="PASS" starttime="20220703 11:07:44.906" endtime="20220703 11:07:44.953"/>
</kw>
<kw name="Input Text" library="SeleniumLibrary">
<arg>${field}</arg>
<arg>${text}</arg>
<doc>Types the given ``text`` into the text field identified by ``locator``.</doc>
<msg timestamp="20220703 11:07:44.953" level="INFO">Typing text 'Garcia' into text field 'id=lastname'.</msg>
<status status="PASS" starttime="20220703 11:07:44.953" endtime="20220703 11:07:45.019"/>
</kw>
<status status="PASS" starttime="20220703 11:07:44.881" endtime="20220703 11:07:45.019"/>
</kw>
<kw name="Fills field" library="Config">
<arg>${input_address}</arg>
<arg>${client_Address}</arg>
<kw name="Wait Until Element Is Enabled" library="SeleniumLibrary">
<arg>${field}</arg>
<doc>Waits until the element ``locator`` is enabled.</doc>
<status status="PASS" starttime="20220703 11:07:45.020" endtime="20220703 11:07:45.043"/>
</kw>
<kw name="Click Element" library="SeleniumLibrary">
<arg>${field}</arg>
<doc>Click the element identified by ``locator``.</doc>
<msg timestamp="20220703 11:07:45.043" level="INFO">Clicking element 'id=address1'.</msg>
<status status="PASS" starttime="20220703 11:07:45.043" endtime="20220703 11:07:45.086"/>
</kw>
<kw name="Input Text" library="SeleniumLibrary">
<arg>${field}</arg>
<arg>${text}</arg>
<doc>Types the given ``text`` into the text field identified by ``locator``.</doc>
<msg timestamp="20220703 11:07:45.086" level="INFO">Typing text '5203 Hanna Islands Suite 541' into text field 'id=address1'.</msg>
<status status="PASS" starttime="20220703 11:07:45.086" endtime="20220703 11:07:45.160"/>
</kw>
<status status="PASS" starttime="20220703 11:07:45.019" endtime="20220703 11:07:45.160"/>
</kw>
<kw name="Fills field" library="Config">
<arg>${input_city}</arg>
<arg>${client_City}</arg>
<kw name="Wait Until Element Is Enabled" library="SeleniumLibrary">
<arg>${field}</arg>
<doc>Waits until the element ``locator`` is enabled.</doc>
<status status="PASS" starttime="20220703 11:07:45.161" endtime="20220703 11:07:45.184"/>
</kw>
<kw name="Click Element" library="SeleniumLibrary">
<arg>${field}</arg>
<doc>Click the element identified by ``locator``.</doc>
<msg timestamp="20220703 11:07:45.184" level="INFO">Clicking element 'id=city'.</msg>
<status status="PASS" starttime="20220703 11:07:45.184" endtime="20220703 11:07:45.232"/>
</kw>
<kw name="Input Text" library="SeleniumLibrary">
<arg>${field}</arg>
<arg>${text}</arg>
<doc>Types the given ``text`` into the text field identified by ``locator``.</doc>
<msg timestamp="20220703 11:07:45.233" level="INFO">Typing text 'North Shaun' into text field 'id=city'.</msg>
<status status="PASS" starttime="20220703 11:07:45.232" endtime="20220703 11:07:45.304"/>
</kw>
<status status="PASS" starttime="20220703 11:07:45.160" endtime="20220703 11:07:45.304"/>
</kw>
<kw name="Select From List By Label" library="SeleniumLibrary">
<arg>${select_state}</arg>
<arg>${client_State}</arg>
<doc>Selects options from selection list ``locator`` by ``labels``.</doc>
<msg timestamp="20220703 11:07:45.305" level="INFO">Selecting options from selection list 'id=id_state' by label Washington.</msg>
<status status="PASS" starttime="20220703 11:07:45.304" endtime="20220703 11:07:45.364"/>
</kw>
<kw name="Fills field" library="Config">
<arg>${input_zipcode}</arg>
<arg>${client_postalcode}</arg>
<kw name="Wait Until Element Is Enabled" library="SeleniumLibrary">
<arg>${field}</arg>
<doc>Waits until the element ``locator`` is enabled.</doc>
<status status="PASS" starttime="20220703 11:07:45.364" endtime="20220703 11:07:45.384"/>
</kw>
<kw name="Click Element" library="SeleniumLibrary">
<arg>${field}</arg>
<doc>Click the element identified by ``locator``.</doc>
<msg timestamp="20220703 11:07:45.385" level="INFO">Clicking element 'id=postcode'.</msg>
<status status="PASS" starttime="20220703 11:07:45.384" endtime="20220703 11:07:45.426"/>
</kw>
<kw name="Input Text" library="SeleniumLibrary">
<arg>${field}</arg>
<arg>${text}</arg>
<doc>Types the given ``text`` into the text field identified by ``locator``.</doc>
<msg timestamp="20220703 11:07:45.426" level="INFO">Typing text '47867' into text field 'id=postcode'.</msg>
<status status="PASS" starttime="20220703 11:07:45.426" endtime="20220703 11:07:45.488"/>
</kw>
<status status="PASS" starttime="20220703 11:07:45.364" endtime="20220703 11:07:45.488"/>
</kw>
<kw name="Select From List By Label" library="SeleniumLibrary">
<arg>${select_country}</arg>
<arg>${client_Country}</arg>
<doc>Selects options from selection list ``locator`` by ``labels``.</doc>
<msg timestamp="20220703 11:07:45.490" level="INFO">Selecting options from selection list 'id=id_country' by label United States.</msg>
<status status="PASS" starttime="20220703 11:07:45.489" endtime="20220703 11:07:45.525"/>
</kw>
<kw name="Fills field" library="Config">
<arg>${input_mobilephone}</arg>
<arg>${client_PhoneNumber}</arg>
<kw name="Wait Until Element Is Enabled" library="SeleniumLibrary">
<arg>${field}</arg>
<doc>Waits until the element ``locator`` is enabled.</doc>
<status status="PASS" starttime="20220703 11:07:45.527" endtime="20220703 11:07:45.551"/>
</kw>
<kw name="Click Element" library="SeleniumLibrary">
<arg>${field}</arg>
<doc>Click the element identified by ``locator``.</doc>
<msg timestamp="20220703 11:07:45.552" level="INFO">Clicking element 'id=phone_mobile'.</msg>
<status status="PASS" starttime="20220703 11:07:45.551" endtime="20220703 11:07:45.595"/>
</kw>
<kw name="Input Text" library="SeleniumLibrary">
<arg>${field}</arg>
<arg>${text}</arg>
<doc>Types the given ``text`` into the text field identified by ``locator``.</doc>
<msg timestamp="20220703 11:07:45.596" level="INFO">Typing text '5773259024' into text field 'id=phone_mobile'.</msg>
<status status="PASS" starttime="20220703 11:07:45.596" endtime="20220703 11:07:45.649"/>
</kw>
<status status="PASS" starttime="20220703 11:07:45.526" endtime="20220703 11:07:45.649"/>
</kw>
<kw name="Fills field" library="Config">
<arg>${input_addressalias}</arg>
<arg>${client_AddressAlias}</arg>
<kw name="Wait Until Element Is Enabled" library="SeleniumLibrary">
<arg>${field}</arg>
<doc>Waits until the element ``locator`` is enabled.</doc>
<status status="PASS" starttime="20220703 11:07:45.650" endtime="20220703 11:07:45.673"/>
</kw>
<kw name="Click Element" library="SeleniumLibrary">
<arg>${field}</arg>
<doc>Click the element identified by ``locator``.</doc>
<msg timestamp="20220703 11:07:45.674" level="INFO">Clicking element 'id=alias'.</msg>
<status status="PASS" starttime="20220703 11:07:45.674" endtime="20220703 11:07:45.714"/>
</kw>
<kw name="Input Text" library="SeleniumLibrary">
<arg>${field}</arg>
<arg>${text}</arg>
<doc>Types the given ``text`` into the text field identified by ``locator``.</doc>
<msg timestamp="20220703 11:07:45.715" level="INFO">Typing text '"Lisa's House"' into text field 'id=alias'.</msg>
<status status="PASS" starttime="20220703 11:07:45.714" endtime="20220703 11:07:45.789"/>
</kw>
<status status="PASS" starttime="20220703 11:07:45.649" endtime="20220703 11:07:45.790"/>
</kw>
<kw name="Click Element" library="SeleniumLibrary">
<arg>${button_submit}</arg>
<doc>Click the element identified by ``locator``.</doc>
<msg timestamp="20220703 11:07:45.790" level="INFO">Clicking element 'id=submitAccount'.</msg>
<status status="PASS" starttime="20220703 11:07:45.790" endtime="20220703 11:07:47.529"/>
</kw>
<status status="PASS" starttime="20220703 11:07:41.838" endtime="20220703 11:07:47.530"/>
</kw>
<kw name="Then the registration must succeed" library="WebTesting_AutomationPractice_Controller">
<kw name="Wait Until Page Contains Element" library="SeleniumLibrary">
<arg>${page_Heading_MyAccount}</arg>
<arg>error=Locator ${page_Heading_MyAccount} not found.</arg>
<doc>Waits until the element ``locator`` appears on the current page.</doc>
<status status="PASS" starttime="20220703 11:07:47.531" endtime="20220703 11:07:47.542"/>
</kw>
<kw name="Log To Console" library="BuiltIn">
<arg>-----SUCCESFULL REGISTRATION</arg>
<doc>Logs the given message to the console.</doc>
<status status="PASS" starttime="20220703 11:07:47.542" endtime="20220703 11:07:47.543"/>
</kw>
<status status="PASS" starttime="20220703 11:07:47.530" endtime="20220703 11:07:47.543"/>
</kw>
<kw name="Close Browser with Screenshot" library="Config" type="TEARDOWN">
<kw name="Capture Page Screenshot" library="SeleniumLibrary">
<arg>filename=selenium-screenshot-{index}.png</arg>
<doc>Takes a screenshot of the current page and embeds it into a log file.</doc>
<msg timestamp="20220703 11:07:47.724" level="INFO" html="true">&lt;/td&gt;&lt;/tr&gt;&lt;tr&gt;&lt;td colspan="3"&gt;&lt;a href="selenium-screenshot-8.png"&gt;&lt;img src="selenium-screenshot-8.png" width="800px"&gt;&lt;/a&gt;</msg>
<status status="PASS" starttime="20220703 11:07:47.545" endtime="20220703 11:07:47.724"/>
</kw>
<kw name="Close Browser" library="SeleniumLibrary">
<doc>Closes the current browser.</doc>
<status status="PASS" starttime="20220703 11:07:47.725" endtime="20220703 11:07:49.984"/>
</kw>
<status status="PASS" starttime="20220703 11:07:47.544" endtime="20220703 11:07:49.984"/>
</kw>
<status status="PASS" starttime="20220703 11:07:30.521" endtime="20220703 11:07:49.985"/>
</test>
<status status="PASS" starttime="20220703 11:07:29.330" endtime="20220703 11:07:49.987"/>
</suite>
<statistics>
<total>
<stat pass="1" fail="0" skip="0">All Tests</stat>
</total>
<tag>
</tag>
<suite>
<stat pass="1" fail="0" skip="0" id="s1" name="WebTesting AutomationPractice">WebTesting AutomationPractice</stat>
</suite>
</statistics>
<errors>
</errors>
</robot>
